[handleMsg]:  {
  key: {
    remoteJid: '34651529614@s.whatsapp.net',
    fromMe: false,
    id: '3AF110CC94E9C813BA70',
    participant: undefined
  },
  messageTimestamp: 1678577860,
  pushName: 'maria',
  message: Message {
    extendedTextMessage: ExtendedTextMessage {
      text: 'Bello equipo, les compartimos el link con la sesión que realizamos 💛\n' +
        'Ojalá les guste todo tanto como a nosotros 🤗\n' +
        '\n' +
        'https://drive.google.com/drive/folders/1-GLa_eHZx-lHc--QOd7q16nlxRZXPftq?usp=sharing',
      matchedText: 'https://drive.google.com/drive/folders/1-GLa_eHZx-lHc--QOd7q16nlxRZXPftq?usp=sharing',
      canonicalUrl: 'https://drive.google.com/drive/folders/1-GLa_eHZx-lHc--QOd7q16nlxRZXPftq?usp=sharing',
      description: '',
      title: 'Shooting-paneles - Google Drive',
      contextInfo: [ContextInfo],
      inviteLinkGroupTypeV2: 0
    },
    messageContextInfo: MessageContextInfo {
      deviceListMetadata: [DeviceListMetadata],
      deviceListMetadataVersion: 2
    }
  },
  body: 'Bello equipo, les compartimos el link con la sesión que realizamos 💛\n' +
    'Ojalá les guste todo tanto como a nosotros 🤗\n' +
    '\n' +
    'https://drive.google.com/drive/folders/1-GLa_eHZx-lHc--QOd7q16nlxRZXPftq?usp=sharing',
  from: '34651529614'
}
